02/12/22 7:07:15: F:\PERSONAL DOCUMENTS\Wordpress Websites\Tunbridge Wells Diving Club\wordpress files\app\public/wp-content/plugins/wp-scss/cache/ - File Permission Error, permission denied. Please make the cache directory writable.
02/12/22 7:07:15: F:\PERSONAL DOCUMENTS\Wordpress Websites\Tunbridge Wells Diving Club\wordpress files\app\public/wp-content/plugins/wp-scss/cache/ - File Permission Error, permission denied. Please make the cache directory writable.
02/12/22 7:07:15: F:\PERSONAL DOCUMENTS\Wordpress Websites\Tunbridge Wells Diving Club\wordpress files\app\public/wp-content/plugins/wp-scss/cache/ - File Permission Error, permission denied. Please make the cache directory writable.
02/12/22 7:07:15: F:\PERSONAL DOCUMENTS\Wordpress Websites\Tunbridge Wells Diving Club\wordpress files\app\public/wp-content/plugins/wp-scss/cache/ - File Permission Error, permission denied. Please make the cache directory writable.
02/12/22 7:07:15: F:\PERSONAL DOCUMENTS\Wordpress Websites\Tunbridge Wells Diving Club\wordpress files\app\public/wp-content/plugins/wp-scss/cache/ - File Permission Error, permission denied. Please make the cache directory writable.
02/12/22 7:07:18: F:\PERSONAL DOCUMENTS\Wordpress Websites\Tunbridge Wells Diving Club\wordpress files\app\public/wp-content/plugins/wp-scss/cache/ - File Permission Error, permission denied. Please make the cache directory writable.
02/12/22 7:07:18: F:\PERSONAL DOCUMENTS\Wordpress Websites\Tunbridge Wells Diving Club\wordpress files\app\public/wp-content/plugins/wp-scss/cache/ - File Permission Error, permission denied. Please make the cache directory writable.
02/12/22 7:07:18: F:\PERSONAL DOCUMENTS\Wordpress Websites\Tunbridge Wells Diving Club\wordpress files\app\public/wp-content/plugins/wp-scss/cache/ - File Permission Error, permission denied. Please make the cache directory writable.
02/12/22 7:07:18: F:\PERSONAL DOCUMENTS\Wordpress Websites\Tunbridge Wells Diving Club\wordpress files\app\public/wp-content/plugins/wp-scss/cache/ - File Permission Error, permission denied. Please make the cache directory writable.
02/12/22 7:07:18: F:\PERSONAL DOCUMENTS\Wordpress Websites\Tunbridge Wells Diving Club\wordpress files\app\public/wp-content/plugins/wp-scss/cache/ - File Permission Error, permission denied. Please make the cache directory writable.
02/12/22 7:07:20: F:\PERSONAL DOCUMENTS\Wordpress Websites\Tunbridge Wells Diving Club\wordpress files\app\public/wp-content/plugins/wp-scss/cache/ - File Permission Error, permission denied. Please make the cache directory writable.
02/12/22 7:07:20: F:\PERSONAL DOCUMENTS\Wordpress Websites\Tunbridge Wells Diving Club\wordpress files\app\public/wp-content/plugins/wp-scss/cache/ - File Permission Error, permission denied. Please make the cache directory writable.
02/12/22 7:07:20: F:\PERSONAL DOCUMENTS\Wordpress Websites\Tunbridge Wells Diving Club\wordpress files\app\public/wp-content/plugins/wp-scss/cache/ - File Permission Error, permission denied. Please make the cache directory writable.
02/12/22 7:07:20: F:\PERSONAL DOCUMENTS\Wordpress Websites\Tunbridge Wells Diving Club\wordpress files\app\public/wp-content/plugins/wp-scss/cache/ - File Permission Error, permission denied. Please make the cache directory writable.
02/12/22 7:07:20: F:\PERSONAL DOCUMENTS\Wordpress Websites\Tunbridge Wells Diving Club\wordpress files\app\public/wp-content/plugins/wp-scss/cache/ - File Permission Error, permission denied. Please make the cache directory writable.
02/12/22 7:07:20: F:\PERSONAL DOCUMENTS\Wordpress Websites\Tunbridge Wells Diving Club\wordpress files\app\public/wp-content/plugins/wp-scss/cache/ - File Permission Error, permission denied. Please make the cache directory writable.
02/12/22 7:07:20: F:\PERSONAL DOCUMENTS\Wordpress Websites\Tunbridge Wells Diving Club\wordpress files\app\public/wp-content/plugins/wp-scss/cache/ - File Permission Error, permission denied. Please make the cache directory writable.
02/12/22 7:07:20: F:\PERSONAL DOCUMENTS\Wordpress Websites\Tunbridge Wells Diving Club\wordpress files\app\public/wp-content/plugins/wp-scss/cache/ - File Permission Error, permission denied. Please make the cache directory writable.
02/12/22 7:07:20: F:\PERSONAL DOCUMENTS\Wordpress Websites\Tunbridge Wells Diving Club\wordpress files\app\public/wp-content/plugins/wp-scss/cache/ - File Permission Error, permission denied. Please make the cache directory writable.
02/12/22 7:07:20: F:\PERSONAL DOCUMENTS\Wordpress Websites\Tunbridge Wells Diving Club\wordpress files\app\public/wp-content/plugins/wp-scss/cache/ - File Permission Error, permission denied. Please make the cache directory writable.
02/12/22 7:07:22: F:\PERSONAL DOCUMENTS\Wordpress Websites\Tunbridge Wells Diving Club\wordpress files\app\public/wp-content/plugins/wp-scss/cache/ - File Permission Error, permission denied. Please make the cache directory writable.
02/12/22 7:07:22: F:\PERSONAL DOCUMENTS\Wordpress Websites\Tunbridge Wells Diving Club\wordpress files\app\public/wp-content/plugins/wp-scss/cache/ - File Permission Error, permission denied. Please make the cache directory writable.
02/12/22 7:07:22: F:\PERSONAL DOCUMENTS\Wordpress Websites\Tunbridge Wells Diving Club\wordpress files\app\public/wp-content/plugins/wp-scss/cache/ - File Permission Error, permission denied. Please make the cache directory writable.
02/12/22 7:07:22: F:\PERSONAL DOCUMENTS\Wordpress Websites\Tunbridge Wells Diving Club\wordpress files\app\public/wp-content/plugins/wp-scss/cache/ - File Permission Error, permission denied. Please make the cache directory writable.
02/12/22 7:07:22: F:\PERSONAL DOCUMENTS\Wordpress Websites\Tunbridge Wells Diving Club\wordpress files\app\public/wp-content/plugins/wp-scss/cache/ - File Permission Error, permission denied. Please make the cache directory writable.
02/12/22 7:07:26: F:\PERSONAL DOCUMENTS\Wordpress Websites\Tunbridge Wells Diving Club\wordpress files\app\public/wp-content/plugins/wp-scss/cache/ - File Permission Error, permission denied. Please make the cache directory writable.
02/12/22 7:07:26: F:\PERSONAL DOCUMENTS\Wordpress Websites\Tunbridge Wells Diving Club\wordpress files\app\public/wp-content/plugins/wp-scss/cache/ - File Permission Error, permission denied. Please make the cache directory writable.
02/12/22 7:07:26: F:\PERSONAL DOCUMENTS\Wordpress Websites\Tunbridge Wells Diving Club\wordpress files\app\public/wp-content/plugins/wp-scss/cache/ - File Permission Error, permission denied. Please make the cache directory writable.
02/12/22 7:07:26: F:\PERSONAL DOCUMENTS\Wordpress Websites\Tunbridge Wells Diving Club\wordpress files\app\public/wp-content/plugins/wp-scss/cache/ - File Permission Error, permission denied. Please make the cache directory writable.
02/12/22 7:07:26: F:\PERSONAL DOCUMENTS\Wordpress Websites\Tunbridge Wells Diving Club\wordpress files\app\public/wp-content/plugins/wp-scss/cache/ - File Permission Error, permission denied. Please make the cache directory writable.
02/12/22 7:07:29: F:\PERSONAL DOCUMENTS\Wordpress Websites\Tunbridge Wells Diving Club\wordpress files\app\public/wp-content/plugins/wp-scss/cache/ - File Permission Error, permission denied. Please make the cache directory writable.
02/12/22 7:07:29: F:\PERSONAL DOCUMENTS\Wordpress Websites\Tunbridge Wells Diving Club\wordpress files\app\public/wp-content/plugins/wp-scss/cache/ - File Permission Error, permission denied. Please make the cache directory writable.
02/12/22 7:07:29: F:\PERSONAL DOCUMENTS\Wordpress Websites\Tunbridge Wells Diving Club\wordpress files\app\public/wp-content/plugins/wp-scss/cache/ - File Permission Error, permission denied. Please make the cache directory writable.
02/12/22 7:07:29: F:\PERSONAL DOCUMENTS\Wordpress Websites\Tunbridge Wells Diving Club\wordpress files\app\public/wp-content/plugins/wp-scss/cache/ - File Permission Error, permission denied. Please make the cache directory writable.
02/12/22 7:07:29: F:\PERSONAL DOCUMENTS\Wordpress Websites\Tunbridge Wells Diving Club\wordpress files\app\public/wp-content/plugins/wp-scss/cache/ - File Permission Error, permission denied. Please make the cache directory writable.
02/12/22 7:07:29: F:\PERSONAL DOCUMENTS\Wordpress Websites\Tunbridge Wells Diving Club\wordpress files\app\public/wp-content/plugins/wp-scss/cache/ - File Permission Error, permission denied. Please make the cache directory writable.
02/12/22 7:07:29: F:\PERSONAL DOCUMENTS\Wordpress Websites\Tunbridge Wells Diving Club\wordpress files\app\public/wp-content/plugins/wp-scss/cache/ - File Permission Error, permission denied. Please make the cache directory writable.
02/12/22 7:07:29: F:\PERSONAL DOCUMENTS\Wordpress Websites\Tunbridge Wells Diving Club\wordpress files\app\public/wp-content/plugins/wp-scss/cache/ - File Permission Error, permission denied. Please make the cache directory writable.
02/12/22 7:07:29: F:\PERSONAL DOCUMENTS\Wordpress Websites\Tunbridge Wells Diving Club\wordpress files\app\public/wp-content/plugins/wp-scss/cache/ - File Permission Error, permission denied. Please make the cache directory writable.
02/12/22 7:07:29: F:\PERSONAL DOCUMENTS\Wordpress Websites\Tunbridge Wells Diving Club\wordpress files\app\public/wp-content/plugins/wp-scss/cache/ - File Permission Error, permission denied. Please make the cache directory writable.
02/12/22 7:08:37: F:\PERSONAL DOCUMENTS\Wordpress Websites\Tunbridge Wells Diving Club\wordpress files\app\public/wp-content/plugins/wp-scss/cache/ - File Permission Error, permission denied. Please make the cache directory writable.
02/12/22 7:08:37: F:\PERSONAL DOCUMENTS\Wordpress Websites\Tunbridge Wells Diving Club\wordpress files\app\public/wp-content/plugins/wp-scss/cache/ - File Permission Error, permission denied. Please make the cache directory writable.
02/12/22 7:08:37: F:\PERSONAL DOCUMENTS\Wordpress Websites\Tunbridge Wells Diving Club\wordpress files\app\public/wp-content/plugins/wp-scss/cache/ - File Permission Error, permission denied. Please make the cache directory writable.
02/12/22 7:08:37: F:\PERSONAL DOCUMENTS\Wordpress Websites\Tunbridge Wells Diving Club\wordpress files\app\public/wp-content/plugins/wp-scss/cache/ - File Permission Error, permission denied. Please make the cache directory writable.
02/12/22 7:08:37: F:\PERSONAL DOCUMENTS\Wordpress Websites\Tunbridge Wells Diving Club\wordpress files\app\public/wp-content/plugins/wp-scss/cache/ - File Permission Error, permission denied. Please make the cache directory writable.
02/12/22 7:08:37: F:\PERSONAL DOCUMENTS\Wordpress Websites\Tunbridge Wells Diving Club\wordpress files\app\public/wp-content/plugins/wp-scss/cache/ - File Permission Error, permission denied. Please make the cache directory writable.
02/12/22 7:08:37: F:\PERSONAL DOCUMENTS\Wordpress Websites\Tunbridge Wells Diving Club\wordpress files\app\public/wp-content/plugins/wp-scss/cache/ - File Permission Error, permission denied. Please make the cache directory writable.
02/12/22 7:08:37: F:\PERSONAL DOCUMENTS\Wordpress Websites\Tunbridge Wells Diving Club\wordpress files\app\public/wp-content/plugins/wp-scss/cache/ - File Permission Error, permission denied. Please make the cache directory writable.
02/12/22 7:08:37: F:\PERSONAL DOCUMENTS\Wordpress Websites\Tunbridge Wells Diving Club\wordpress files\app\public/wp-content/plugins/wp-scss/cache/ - File Permission Error, permission denied. Please make the cache directory writable.
02/12/22 7:08:37: F:\PERSONAL DOCUMENTS\Wordpress Websites\Tunbridge Wells Diving Club\wordpress files\app\public/wp-content/plugins/wp-scss/cache/ - File Permission Error, permission denied. Please make the cache directory writable.
02/12/22 7:08:42: F:\PERSONAL DOCUMENTS\Wordpress Websites\Tunbridge Wells Diving Club\wordpress files\app\public/wp-content/plugins/wp-scss/cache/ - File Permission Error, permission denied. Please make the cache directory writable.
02/12/22 7:08:42: F:\PERSONAL DOCUMENTS\Wordpress Websites\Tunbridge Wells Diving Club\wordpress files\app\public/wp-content/plugins/wp-scss/cache/ - File Permission Error, permission denied. Please make the cache directory writable.
02/12/22 7:08:42: F:\PERSONAL DOCUMENTS\Wordpress Websites\Tunbridge Wells Diving Club\wordpress files\app\public/wp-content/plugins/wp-scss/cache/ - File Permission Error, permission denied. Please make the cache directory writable.
02/12/22 7:08:42: F:\PERSONAL DOCUMENTS\Wordpress Websites\Tunbridge Wells Diving Club\wordpress files\app\public/wp-content/plugins/wp-scss/cache/ - File Permission Error, permission denied. Please make the cache directory writable.
02/12/22 7:08:42: F:\PERSONAL DOCUMENTS\Wordpress Websites\Tunbridge Wells Diving Club\wordpress files\app\public/wp-content/plugins/wp-scss/cache/ - File Permission Error, permission denied. Please make the cache directory writable.
02/12/22 7:08:42: F:\PERSONAL DOCUMENTS\Wordpress Websites\Tunbridge Wells Diving Club\wordpress files\app\public/wp-content/plugins/wp-scss/cache/ - File Permission Error, permission denied. Please make the cache directory writable.
02/12/22 7:08:42: F:\PERSONAL DOCUMENTS\Wordpress Websites\Tunbridge Wells Diving Club\wordpress files\app\public/wp-content/plugins/wp-scss/cache/ - File Permission Error, permission denied. Please make the cache directory writable.
02/12/22 7:08:42: F:\PERSONAL DOCUMENTS\Wordpress Websites\Tunbridge Wells Diving Club\wordpress files\app\public/wp-content/plugins/wp-scss/cache/ - File Permission Error, permission denied. Please make the cache directory writable.
02/12/22 7:08:42: F:\PERSONAL DOCUMENTS\Wordpress Websites\Tunbridge Wells Diving Club\wordpress files\app\public/wp-content/plugins/wp-scss/cache/ - File Permission Error, permission denied. Please make the cache directory writable.
02/12/22 7:08:42: F:\PERSONAL DOCUMENTS\Wordpress Websites\Tunbridge Wells Diving Club\wordpress files\app\public/wp-content/plugins/wp-scss/cache/ - File Permission Error, permission denied. Please make the cache directory writable.
02/12/22 7:08:45: F:\PERSONAL DOCUMENTS\Wordpress Websites\Tunbridge Wells Diving Club\wordpress files\app\public/wp-content/plugins/wp-scss/cache/ - File Permission Error, permission denied. Please make the cache directory writable.
02/12/22 7:08:45: F:\PERSONAL DOCUMENTS\Wordpress Websites\Tunbridge Wells Diving Club\wordpress files\app\public/wp-content/plugins/wp-scss/cache/ - File Permission Error, permission denied. Please make the cache directory writable.
02/12/22 7:08:45: F:\PERSONAL DOCUMENTS\Wordpress Websites\Tunbridge Wells Diving Club\wordpress files\app\public/wp-content/plugins/wp-scss/cache/ - File Permission Error, permission denied. Please make the cache directory writable.
02/12/22 7:08:45: F:\PERSONAL DOCUMENTS\Wordpress Websites\Tunbridge Wells Diving Club\wordpress files\app\public/wp-content/plugins/wp-scss/cache/ - File Permission Error, permission denied. Please make the cache directory writable.
02/12/22 7:08:45: F:\PERSONAL DOCUMENTS\Wordpress Websites\Tunbridge Wells Diving Club\wordpress files\app\public/wp-content/plugins/wp-scss/cache/ - File Permission Error, permission denied. Please make the cache directory writable.
02/12/22 7:09:45: F:\PERSONAL DOCUMENTS\Wordpress Websites\Tunbridge Wells Diving Club\wordpress files\app\public/wp-content/plugins/wp-scss/cache/ - File Permission Error, permission denied. Please make the cache directory writable.
02/12/22 7:09:45: F:\PERSONAL DOCUMENTS\Wordpress Websites\Tunbridge Wells Diving Club\wordpress files\app\public/wp-content/plugins/wp-scss/cache/ - File Permission Error, permission denied. Please make the cache directory writable.
02/12/22 7:09:45: F:\PERSONAL DOCUMENTS\Wordpress Websites\Tunbridge Wells Diving Club\wordpress files\app\public/wp-content/plugins/wp-scss/cache/ - File Permission Error, permission denied. Please make the cache directory writable.
02/12/22 7:09:45: F:\PERSONAL DOCUMENTS\Wordpress Websites\Tunbridge Wells Diving Club\wordpress files\app\public/wp-content/plugins/wp-scss/cache/ - File Permission Error, permission denied. Please make the cache directory writable.
02/12/22 7:09:45: F:\PERSONAL DOCUMENTS\Wordpress Websites\Tunbridge Wells Diving Club\wordpress files\app\public/wp-content/plugins/wp-scss/cache/ - File Permission Error, permission denied. Please make the cache directory writable.
02/12/22 7:23:00: F:\PERSONAL DOCUMENTS\Wordpress Websites\Tunbridge Wells Diving Club\wordpress files\app\public/wp-content/plugins/wp-scss/cache/ - File Permission Error, permission denied. Please make the cache directory writable.
02/12/22 7:23:00: F:\PERSONAL DOCUMENTS\Wordpress Websites\Tunbridge Wells Diving Club\wordpress files\app\public/wp-content/plugins/wp-scss/cache/ - File Permission Error, permission denied. Please make the cache directory writable.
02/12/22 7:23:00: F:\PERSONAL DOCUMENTS\Wordpress Websites\Tunbridge Wells Diving Club\wordpress files\app\public/wp-content/plugins/wp-scss/cache/ - File Permission Error, permission denied. Please make the cache directory writable.
02/12/22 7:23:00: F:\PERSONAL DOCUMENTS\Wordpress Websites\Tunbridge Wells Diving Club\wordpress files\app\public/wp-content/plugins/wp-scss/cache/ - File Permission Error, permission denied. Please make the cache directory writable.
02/12/22 7:23:00: F:\PERSONAL DOCUMENTS\Wordpress Websites\Tunbridge Wells Diving Club\wordpress files\app\public/wp-content/plugins/wp-scss/cache/ - File Permission Error, permission denied. Please make the cache directory writable.
02/12/22 7:23:00: F:\PERSONAL DOCUMENTS\Wordpress Websites\Tunbridge Wells Diving Club\wordpress files\app\public/wp-content/plugins/wp-scss/cache/ - File Permission Error, permission denied. Please make the cache directory writable.
02/12/22 7:23:00: F:\PERSONAL DOCUMENTS\Wordpress Websites\Tunbridge Wells Diving Club\wordpress files\app\public/wp-content/plugins/wp-scss/cache/ - File Permission Error, permission denied. Please make the cache directory writable.
02/12/22 7:23:00: F:\PERSONAL DOCUMENTS\Wordpress Websites\Tunbridge Wells Diving Club\wordpress files\app\public/wp-content/plugins/wp-scss/cache/ - File Permission Error, permission denied. Please make the cache directory writable.
02/12/22 7:23:00: F:\PERSONAL DOCUMENTS\Wordpress Websites\Tunbridge Wells Diving Club\wordpress files\app\public/wp-content/plugins/wp-scss/cache/ - File Permission Error, permission denied. Please make the cache directory writable.
02/12/22 7:23:00: F:\PERSONAL DOCUMENTS\Wordpress Websites\Tunbridge Wells Diving Club\wordpress files\app\public/wp-content/plugins/wp-scss/cache/ - File Permission Error, permission denied. Please make the cache directory writable.
02/12/22 7:27:58: CSS Directory - File Permissions Error, permission denied. Please make your CSS directory writable.
02/12/22 7:27:59: CSS Directory - File Permissions Error, permission denied. Please make your CSS directory writable.
02/12/22 7:28:02: CSS Directory - File Permissions Error, permission denied. Please make your CSS directory writable.
02/12/22 7:28:04: CSS Directory - File Permissions Error, permission denied. Please make your CSS directory writable.
02/12/22 7:28:04: CSS Directory - File Permissions Error, permission denied. Please make your CSS directory writable.
02/12/22 7:28:11: CSS Directory - File Permissions Error, permission denied. Please make your CSS directory writable.
02/12/22 7:28:11: CSS Directory - File Permissions Error, permission denied. Please make your CSS directory writable.
02/12/22 7:28:15: CSS Directory - File Permissions Error, permission denied. Please make your CSS directory writable.
02/12/22 7:28:15: CSS Directory - File Permissions Error, permission denied. Please make your CSS directory writable.
02/12/22 7:28:18: CSS Directory - File Permissions Error, permission denied. Please make your CSS directory writable.
02/12/22 7:28:29: CSS Directory - File Permissions Error, permission denied. Please make your CSS directory writable.
02/12/22 7:28:29: CSS Directory - File Permissions Error, permission denied. Please make your CSS directory writable.
02/12/22 7:28:40: CSS Directory - File Permissions Error, permission denied. Please make your CSS directory writable.
02/12/22 7:28:40: CSS Directory - File Permissions Error, permission denied. Please make your CSS directory writable.
02/12/22 7:28:43: CSS Directory - File Permissions Error, permission denied. Please make your CSS directory writable.
02/12/22 7:28:45: CSS Directory - File Permissions Error, permission denied. Please make your CSS directory writable.
02/12/22 7:28:45: CSS Directory - File Permissions Error, permission denied. Please make your CSS directory writable.
02/12/22 7:31:03: CSS Directory - File Permissions Error, permission denied. Please make your CSS directory writable.
02/12/22 7:31:04: CSS Directory - File Permissions Error, permission denied. Please make your CSS directory writable.
02/12/22 7:32:04: CSS Directory - File Permissions Error, permission denied. Please make your CSS directory writable.
02/12/22 7:38:50: CSS Directory - File Permissions Error, permission denied. Please make your CSS directory writable.
02/12/22 7:38:51: CSS Directory - File Permissions Error, permission denied. Please make your CSS directory writable.
02/12/22 7:38:54: CSS Directory - File Permissions Error, permission denied. Please make your CSS directory writable.
02/12/22 7:39:04: CSS Directory - File Permissions Error, permission denied. Please make your CSS directory writable.
02/12/22 7:39:05: CSS Directory - File Permissions Error, permission denied. Please make your CSS directory writable.
02/12/22 7:39:13: CSS Directory - File Permissions Error, permission denied. Please make your CSS directory writable.
02/12/22 7:39:14: CSS Directory - File Permissions Error, permission denied. Please make your CSS directory writable.
02/19/22 1:50:53: footer.scss - Undefined variable $primary-color: footer.scss on line 14, at column 9
02/19/22 1:50:53: front-page.scss - Undefined variable $contrast-color: front-page.scss on line 22, at column 13
02/19/22 1:50:53: nav-bar.scss - Undefined variable $primary-color: nav-bar.scss on line 26, at column 9
02/19/22 1:50:53: style.scss - Undefined variable $primary-color: nav-bar.scss on line 26, at column 9
Call Stack:
#0 import nav-bar.scss style.scss on line 1
02/19/22 1:51:49: footer.scss - Undefined variable $primary-color: footer.scss on line 14, at column 9
02/19/22 1:51:49: front-page.scss - Undefined variable $contrast-color: front-page.scss on line 22, at column 13
02/19/22 1:51:49: nav-bar.scss - Undefined variable $primary-color: nav-bar.scss on line 26, at column 9
02/19/22 1:51:49: style.scss - Undefined variable $primary-color: nav-bar.scss on line 26, at column 9
Call Stack:
#0 import nav-bar.scss style.scss on line 1
02/19/22 1:52:10: footer.scss - Undefined variable $primary-color: footer.scss on line 14, at column 9
02/19/22 1:52:10: front-page.scss - Undefined variable $contrast-color: front-page.scss on line 22, at column 13
02/19/22 1:52:10: nav-bar.scss - Undefined variable $primary-color: nav-bar.scss on line 26, at column 9
02/19/22 1:52:10: style.scss - Undefined variable $primary-color: nav-bar.scss on line 26, at column 9
Call Stack:
#0 import nav-bar.scss style.scss on line 1
02/19/22 1:52:50: footer.scss - Undefined variable $primary-color: footer.scss on line 14, at column 9
02/19/22 1:52:50: front-page.scss - Undefined variable $contrast-color: front-page.scss on line 22, at column 13
02/19/22 1:52:50: nav-bar.scss - Undefined variable $primary-color: nav-bar.scss on line 26, at column 9
02/19/22 1:52:50: style.scss - Undefined variable $primary-color: nav-bar.scss on line 26, at column 9
Call Stack:
#0 import nav-bar.scss style.scss on line 1
02/19/22 1:53:50: footer.scss - Undefined variable $primary-color: footer.scss on line 14, at column 9
02/19/22 1:53:50: front-page.scss - Undefined variable $contrast-color: front-page.scss on line 22, at column 13
02/19/22 1:53:50: nav-bar.scss - Undefined variable $primary-color: nav-bar.scss on line 26, at column 9
02/19/22 1:53:50: style.scss - Undefined variable $primary-color: nav-bar.scss on line 26, at column 9
Call Stack:
#0 import nav-bar.scss style.scss on line 1
02/19/22 1:54:50: footer.scss - Undefined variable $primary-color: footer.scss on line 14, at column 9
02/19/22 1:54:50: front-page.scss - Undefined variable $contrast-color: front-page.scss on line 22, at column 13
02/19/22 1:54:50: nav-bar.scss - Undefined variable $primary-color: nav-bar.scss on line 26, at column 9
02/19/22 1:54:50: style.scss - Undefined variable $primary-color: nav-bar.scss on line 26, at column 9
Call Stack:
#0 import nav-bar.scss style.scss on line 1
02/19/22 1:55:15: footer.scss - Undefined variable $primary-color: footer.scss on line 14, at column 9
02/19/22 1:55:15: front-page.scss - Undefined variable $contrast-color: front-page.scss on line 22, at column 13
02/19/22 1:55:15: nav-bar.scss - Undefined variable $primary-color: nav-bar.scss on line 26, at column 9
02/19/22 1:55:15: style.scss - Undefined variable $primary-color: nav-bar.scss on line 26, at column 9
Call Stack:
#0 import nav-bar.scss style.scss on line 1
02/19/22 1:55:50: footer.scss - Undefined variable $primary-color: footer.scss on line 14, at column 9
02/19/22 1:55:50: front-page.scss - Undefined variable $contrast-color: front-page.scss on line 22, at column 13
02/19/22 1:55:50: nav-bar.scss - Undefined variable $primary-color: nav-bar.scss on line 26, at column 9
02/19/22 1:55:50: style.scss - Undefined variable $primary-color: nav-bar.scss on line 26, at column 9
Call Stack:
#0 import nav-bar.scss style.scss on line 1
02/19/22 1:56:15: footer.scss - Undefined variable $primary-color: footer.scss on line 14, at column 9
02/19/22 1:56:15: front-page.scss - Undefined variable $contrast-color: front-page.scss on line 22, at column 13
02/19/22 1:56:15: nav-bar.scss - Undefined variable $primary-color: nav-bar.scss on line 26, at column 9
02/19/22 1:56:15: style.scss - Undefined variable $primary-color: nav-bar.scss on line 26, at column 9
Call Stack:
#0 import nav-bar.scss style.scss on line 1
02/19/22 1:56:50: footer.scss - Undefined variable $primary-color: footer.scss on line 14, at column 9
02/19/22 1:56:50: front-page.scss - Undefined variable $contrast-color: front-page.scss on line 22, at column 13
02/19/22 1:56:50: nav-bar.scss - Undefined variable $primary-color: nav-bar.scss on line 26, at column 9
02/19/22 1:56:50: style.scss - Undefined variable $primary-color: nav-bar.scss on line 26, at column 9
Call Stack:
#0 import nav-bar.scss style.scss on line 1
02/19/22 1:57:44: footer.scss - Undefined variable $primary-color: footer.scss on line 14, at column 9
02/19/22 1:57:44: front-page.scss - Undefined variable $contrast-color: front-page.scss on line 22, at column 13
02/19/22 1:57:44: nav-bar.scss - Undefined variable $primary-color: nav-bar.scss on line 26, at column 9
02/19/22 1:57:44: style.scss - Undefined variable $primary-color: nav-bar.scss on line 26, at column 9
Call Stack:
#0 import nav-bar.scss style.scss on line 1
02/19/22 1:58:11: footer.scss - Undefined variable $primary-color: footer.scss on line 14, at column 9
02/19/22 1:58:11: front-page.scss - Undefined variable $contrast-color: front-page.scss on line 22, at column 13
02/19/22 1:58:11: nav-bar.scss - Undefined variable $primary-color: nav-bar.scss on line 26, at column 9
02/19/22 1:58:11: style.scss - Undefined variable $primary-color: nav-bar.scss on line 26, at column 9
Call Stack:
#0 import nav-bar.scss style.scss on line 1
02/19/22 1:58:21: footer.scss - Undefined variable $primary-color: footer.scss on line 14, at column 9
02/19/22 1:58:21: front-page.scss - Undefined variable $contrast-color: front-page.scss on line 22, at column 13
02/19/22 1:58:21: nav-bar.scss - Undefined variable $primary-color: nav-bar.scss on line 26, at column 9
02/19/22 1:58:21: style.scss - Undefined variable $primary-color: nav-bar.scss on line 26, at column 9
Call Stack:
#0 import nav-bar.scss style.scss on line 1
02/19/22 1:59:12: footer.scss - Undefined variable $primary-color: footer.scss on line 14, at column 9
02/19/22 1:59:12: front-page.scss - Undefined variable $contrast-color: front-page.scss on line 22, at column 13
02/19/22 1:59:12: nav-bar.scss - Undefined variable $primary-color: nav-bar.scss on line 26, at column 9
02/19/22 1:59:12: style.scss - Undefined variable $primary-color: nav-bar.scss on line 26, at column 9
Call Stack:
#0 import nav-bar.scss style.scss on line 1
02/19/22 1:59:21: footer.scss - Undefined variable $primary-color: footer.scss on line 14, at column 9
02/19/22 1:59:21: front-page.scss - Undefined variable $contrast-color: front-page.scss on line 22, at column 13
02/19/22 1:59:21: nav-bar.scss - Undefined variable $primary-color: nav-bar.scss on line 26, at column 9
02/19/22 1:59:21: style.scss - Undefined variable $primary-color: nav-bar.scss on line 26, at column 9
Call Stack:
#0 import nav-bar.scss style.scss on line 1
02/19/22 1:59:32: footer.scss - Undefined variable $primary-color: footer.scss on line 14, at column 9
02/19/22 1:59:32: front-page.scss - Undefined variable $contrast-color: front-page.scss on line 22, at column 13
02/19/22 1:59:32: nav-bar.scss - Undefined variable $primary-color: nav-bar.scss on line 26, at column 9
02/19/22 1:59:32: style.scss - Undefined variable $primary-color: nav-bar.scss on line 26, at column 9
Call Stack:
#0 import nav-bar.scss style.scss on line 1
02/19/22 2:01:25: footer.scss - Undefined variable $primary-color: footer.scss on line 14, at column 9
02/19/22 2:01:25: front-page.scss - Undefined variable $contrast-color: front-page.scss on line 22, at column 13
02/19/22 2:01:25: nav-bar.scss - Undefined variable $primary-color: nav-bar.scss on line 26, at column 9
02/19/22 2:01:25: style.scss - Undefined variable $primary-color: nav-bar.scss on line 26, at column 9
Call Stack:
#0 import nav-bar.scss style.scss on line 1
02/19/22 2:01:33: footer.scss - Undefined variable $primary-color: footer.scss on line 14, at column 9
02/19/22 2:01:33: front-page.scss - Undefined variable $contrast-color: front-page.scss on line 22, at column 13
02/19/22 2:01:33: nav-bar.scss - Undefined variable $primary-color: nav-bar.scss on line 26, at column 9
02/19/22 2:01:33: style.scss - Undefined variable $primary-color: nav-bar.scss on line 26, at column 9
Call Stack:
#0 import nav-bar.scss style.scss on line 1
02/19/22 2:02:04: footer.scss - Undefined variable $primary-color: footer.scss on line 14, at column 9
02/19/22 2:02:04: front-page.scss - Undefined variable $contrast-color: front-page.scss on line 22, at column 13
02/19/22 2:02:04: nav-bar.scss - Undefined variable $primary-color: nav-bar.scss on line 26, at column 9
02/19/22 2:02:04: style.scss - Undefined variable $primary-color: nav-bar.scss on line 26, at column 9
Call Stack:
#0 import nav-bar.scss style.scss on line 1
02/19/22 2:02:06: footer.scss - Undefined variable $primary-color: footer.scss on line 14, at column 9
02/19/22 2:02:06: front-page.scss - Undefined variable $contrast-color: front-page.scss on line 22, at column 13
02/19/22 2:02:06: nav-bar.scss - Undefined variable $primary-color: nav-bar.scss on line 26, at column 9
02/19/22 2:02:06: style.scss - Undefined variable $primary-color: nav-bar.scss on line 26, at column 9
Call Stack:
#0 import nav-bar.scss style.scss on line 1
02/19/22 2:02:09: footer.scss - Undefined variable $primary-color: footer.scss on line 14, at column 9
02/19/22 2:02:09: front-page.scss - Undefined variable $contrast-color: front-page.scss on line 22, at column 13
02/19/22 2:02:09: nav-bar.scss - Undefined variable $primary-color: nav-bar.scss on line 26, at column 9
02/19/22 2:02:09: style.scss - Undefined variable $primary-color: nav-bar.scss on line 26, at column 9
Call Stack:
#0 import nav-bar.scss style.scss on line 1
02/19/22 2:03:06: footer.scss - Undefined variable $primary-color: footer.scss on line 14, at column 9
02/19/22 2:03:06: front-page.scss - Undefined variable $contrast-color: front-page.scss on line 22, at column 13
02/19/22 2:03:06: nav-bar.scss - Undefined variable $primary-color: nav-bar.scss on line 26, at column 9
02/19/22 2:03:06: style.scss - Undefined variable $primary-color: nav-bar.scss on line 26, at column 9
Call Stack:
#0 import nav-bar.scss style.scss on line 1
02/19/22 2:03:09: footer.scss - Undefined variable $primary-color: footer.scss on line 14, at column 9
02/19/22 2:03:09: front-page.scss - Undefined variable $contrast-color: front-page.scss on line 22, at column 13
02/19/22 2:03:09: nav-bar.scss - Undefined variable $primary-color: nav-bar.scss on line 26, at column 9
02/19/22 2:03:09: style.scss - Undefined variable $primary-color: nav-bar.scss on line 26, at column 9
Call Stack:
#0 import nav-bar.scss style.scss on line 1
02/19/22 2:03:15: footer.scss - Undefined variable $primary-color: footer.scss on line 14, at column 9
02/19/22 2:03:15: front-page.scss - Undefined variable $contrast-color: front-page.scss on line 22, at column 13
02/19/22 2:03:15: nav-bar.scss - Undefined variable $primary-color: nav-bar.scss on line 26, at column 9
02/19/22 2:03:15: style.scss - Undefined variable $primary-color: nav-bar.scss on line 26, at column 9
Call Stack:
#0 import nav-bar.scss style.scss on line 1
02/19/22 2:03:17: footer.scss - Undefined variable $primary-color: footer.scss on line 14, at column 9
02/19/22 2:03:17: front-page.scss - Undefined variable $contrast-color: front-page.scss on line 22, at column 13
02/19/22 2:03:17: nav-bar.scss - Undefined variable $primary-color: nav-bar.scss on line 26, at column 9
02/19/22 2:03:17: style.scss - Undefined variable $primary-color: nav-bar.scss on line 26, at column 9
Call Stack:
#0 import nav-bar.scss style.scss on line 1
02/19/22 2:04:20: footer.scss - Undefined variable $primary-color: footer.scss on line 14, at column 9
02/19/22 2:04:20: front-page.scss - Undefined variable $contrast-color: front-page.scss on line 22, at column 13
02/19/22 2:04:20: nav-bar.scss - Undefined variable $primary-color: nav-bar.scss on line 26, at column 9
02/19/22 2:04:20: style.scss - Undefined variable $primary-color: nav-bar.scss on line 26, at column 9
Call Stack:
#0 import nav-bar.scss style.scss on line 1
02/19/22 2:04:34: footer.scss - Undefined variable $primary-color: footer.scss on line 14, at column 9
02/19/22 2:04:34: front-page.scss - Undefined variable $contrast-color: front-page.scss on line 22, at column 13
02/19/22 2:04:34: nav-bar.scss - Undefined variable $primary-color: nav-bar.scss on line 26, at column 9
02/19/22 2:04:34: style.scss - Undefined variable $primary-color: nav-bar.scss on line 26, at column 9
Call Stack:
#0 import nav-bar.scss style.scss on line 1
02/19/22 2:04:38: footer.scss - Undefined variable $primary-color: footer.scss on line 14, at column 9
02/19/22 2:04:38: front-page.scss - Undefined variable $contrast-color: front-page.scss on line 22, at column 13
02/19/22 2:04:38: nav-bar.scss - Undefined variable $primary-color: nav-bar.scss on line 26, at column 9
02/19/22 2:04:38: style.scss - Undefined variable $primary-color: nav-bar.scss on line 26, at column 9
Call Stack:
#0 import nav-bar.scss style.scss on line 1
02/19/22 2:07:20: footer.scss - Undefined variable $primary-color: footer.scss on line 24, at column 9
02/19/22 2:07:20: front-page.scss - Undefined variable $contrast-color: front-page.scss on line 24, at column 5
02/19/22 2:07:20: nav-bar.scss - Undefined variable $primary-color: nav-bar.scss on line 74, at column 5
02/19/22 2:07:20: style.scss - Undefined variable $primary-color: nav-bar.scss on line 74, at column 5
Call Stack:
#0 import nav-bar.scss style.scss on line 1
02/19/22 2:07:21: footer.scss - Undefined variable $primary-color: footer.scss on line 24, at column 9
02/19/22 2:07:21: front-page.scss - Undefined variable $contrast-color: front-page.scss on line 24, at column 5
02/19/22 2:07:21: nav-bar.scss - Undefined variable $primary-color: nav-bar.scss on line 74, at column 5
02/19/22 2:07:21: style.scss - Undefined variable $primary-color: nav-bar.scss on line 74, at column 5
Call Stack:
#0 import nav-bar.scss style.scss on line 1
02/19/22 2:07:24: footer.scss - Undefined variable $primary-color: footer.scss on line 24, at column 9
02/19/22 2:07:24: front-page.scss - Undefined variable $contrast-color: front-page.scss on line 24, at column 5
02/19/22 2:07:24: nav-bar.scss - Undefined variable $primary-color: nav-bar.scss on line 74, at column 5
02/19/22 2:07:24: style.scss - Undefined variable $primary-color: nav-bar.scss on line 74, at column 5
Call Stack:
#0 import nav-bar.scss style.scss on line 1
02/19/22 2:08:24: footer.scss - Undefined variable $primary-color: footer.scss on line 24, at column 9
02/19/22 2:08:24: front-page.scss - Undefined variable $contrast-color: front-page.scss on line 24, at column 5
02/19/22 2:08:24: nav-bar.scss - Undefined variable $primary-color: nav-bar.scss on line 74, at column 5
02/19/22 2:08:24: style.scss - Undefined variable $primary-color: nav-bar.scss on line 74, at column 5
Call Stack:
#0 import nav-bar.scss style.scss on line 1
